Removed Pin From Net: NetName=NetB1_2 Pin=BT1-1
Removed Pin From Net: NetName=NetBT1_2 Pin=BT1-2
Removed Pin From Net: NetName=NetP1_5 Pin=P2-1
Removed Pin From Net: NetName=NetP1_4 Pin=P2-2
Removed Pin From Net: NetName=NetB1_2 Pin=Q1-1
Removed Pin From Net: NetName=NetBT1_2 Pin=Q3-2
Removed Pin From Net: NetName=NetB1_2 Pin=Q6-1
Removed Pin From Net: NetName=NetB1_2 Pin=Q6-3
Removed Pin From Net: NetName=GND Pin=U1-2
Removed Pin From Net: NetName=GND Pin=U2-2
Removed Pin From Net: NetName=NetB1_2 Pin=U2-4
Removed Pin From Net: NetName=GND Pin=U4-2
Removed Pin From Net: NetName=GND Pin=U5-2
Removed Member From Class: ClassName=sai Member=BT1
Added Component: Designator=P?(HDR1X2)
Add component. Clean all parameters for all variants
Add component (AddParameter): Name = "LatestRevisionDate"; Value = "17-Jul-2002"; VariantName = "[No Variations]"
Add component (AddParameter): Name = "LatestRevisionNote"; Value = "Re-released for DXP Platform."; VariantName = "[No Variations]"
Add component (AddParameter): Name = "Publisher"; Value = "Altium Limited"; VariantName = "[No Variations]"
Added Pin To Net: NetName=NetP1_4 Pin=P2-1
Added Pin To Net: NetName=NetR5_1 Pin=P2-2
Added Pin To Net: NetName=NetB1_2 Pin=P?-1
Added Pin To Net: NetName=NetBT1_2 Pin=P?-2
Added Pin To Net: NetName=VCC Pin=U3-7
Change Net Name : Old Net Name=GND New Net Name=NetP1_3
Change Net Name : Old Net Name=NetBT1_2 New Net Name=NetP?_2
Change Net Name : Old Net Name=NetR5_1 New Net Name=NetP2_2
Change Net Name : Old Net Name=VCC New Net Name=NetP1_2
Added Pin To Net: NetName=NetQ1_1 Pin=Q1-1
Added Pin To Net: NetName=NetQ1_1 Pin=Q6-1
Added Pin To Net: NetName=NetQ1_1 Pin=Q6-3
Added Pin To Net: NetName=NetQ1_1 Pin=U2-4
Added Net: Name=NetQ1_1
Added Pin To Net: NetName=NetU1_2 Pin=U1-2
Added Pin To Net: NetName=NetU1_2 Pin=U2-2
Added Pin To Net: NetName=NetU1_2 Pin=U4-2
Added Pin To Net: NetName=NetU1_2 Pin=U5-2
Added Net: Name=NetU1_2
Added Member To Class: ClassName=sai Member=Component P? Header 2
Added Room: Name=sai
Change Rule Scope 1 : Old Scope=InNet('NetBT1_2') New Scope=InNet('NetP?_2')
