Removed Pin From Net: NetName=NetU1_2 Pin=U2-2
Removed Pin From Net: NetName=NetU1_2 Pin=U5-2
Added Component: Designator=Analog(HDR1X6)
Add component. Clean all parameters for all variants
Add component (AddParameter): Name = "LatestRevisionDate"; Value = "17-Jul-2002"; VariantName = "[No Variations]"
Add component (AddParameter): Name = "LatestRevisionNote"; Value = "Re-released for DXP Platform."; VariantName = "[No Variations]"
Add component (AddParameter): Name = "Publisher"; Value = "Altium Limited"; VariantName = "[No Variations]"
Added Component: Designator=Digital1(HDR1X5)
Add component. Clean all parameters for all variants
Add component (AddParameter): Name = "LatestRevisionDate"; Value = "17-Jul-2002"; VariantName = "[No Variations]"
Add component (AddParameter): Name = "LatestRevisionNote"; Value = "Re-released for DXP Platform."; VariantName = "[No Variations]"
Add component (AddParameter): Name = "Publisher"; Value = "Altium Limited"; VariantName = "[No Variations]"
Added Component: Designator=Digital2(HDR1X5)
Add component. Clean all parameters for all variants
Add component (AddParameter): Name = "LatestRevisionDate"; Value = "17-Jul-2002"; VariantName = "[No Variations]"
Add component (AddParameter): Name = "LatestRevisionNote"; Value = "Re-released for DXP Platform."; VariantName = "[No Variations]"
Add component (AddParameter): Name = "Publisher"; Value = "Altium Limited"; VariantName = "[No Variations]"
Added Pin To Net: NetName=NetAnalog_1 Pin=Analog-1
Added Pin To Net: NetName=NetAnalog_1 Pin=U3-23
Added Net: Name=NetAnalog_1
Added Pin To Net: NetName=NetAnalog_2 Pin=Analog-2
Added Pin To Net: NetName=NetAnalog_2 Pin=U3-24
Added Net: Name=NetAnalog_2
Added Pin To Net: NetName=NetAnalog_3 Pin=Analog-3
Added Pin To Net: NetName=NetAnalog_3 Pin=U3-25
Added Net: Name=NetAnalog_3
Added Pin To Net: NetName=NetAnalog_4 Pin=Analog-4
Added Pin To Net: NetName=NetAnalog_4 Pin=U3-26
Added Net: Name=NetAnalog_4
Added Pin To Net: NetName=NetAnalog_5 Pin=Analog-5
Added Pin To Net: NetName=NetAnalog_5 Pin=U3-27
Added Net: Name=NetAnalog_5
Added Pin To Net: NetName=NetAnalog_6 Pin=Analog-6
Added Pin To Net: NetName=NetAnalog_6 Pin=U3-28
Added Net: Name=NetAnalog_6
Added Pin To Net: NetName=NetDigital1_1 Pin=Digital1-1
Added Pin To Net: NetName=NetDigital1_1 Pin=U3-4
Added Net: Name=NetDigital1_1
Added Pin To Net: NetName=NetDigital1_2 Pin=Digital1-2
Added Pin To Net: NetName=NetDigital1_2 Pin=U3-6
Added Net: Name=NetDigital1_2
Added Pin To Net: NetName=NetDigital1_3 Pin=Digital1-3
Added Pin To Net: NetName=NetDigital1_3 Pin=U3-11
Added Net: Name=NetDigital1_3
Added Pin To Net: NetName=NetDigital1_4 Pin=Digital1-4
Added Pin To Net: NetName=NetDigital1_4 Pin=U3-12
Added Net: Name=NetDigital1_4
Added Pin To Net: NetName=NetDigital1_5 Pin=Digital1-5
Added Pin To Net: NetName=NetDigital1_5 Pin=U3-13
Added Net: Name=NetDigital1_5
Added Pin To Net: NetName=NetDigital2_1 Pin=Digital2-1
Added Pin To Net: NetName=NetDigital2_1 Pin=U3-14
Added Net: Name=NetDigital2_1
Added Pin To Net: NetName=NetDigital2_2 Pin=Digital2-2
Added Pin To Net: NetName=NetDigital2_2 Pin=U3-18
Added Net: Name=NetDigital2_2
Added Pin To Net: NetName=NetDigital2_3 Pin=Digital2-3
Added Pin To Net: NetName=NetDigital2_3 Pin=U3-19
Added Net: Name=NetDigital2_3
Added Pin To Net: NetName=NetDigital2_4 Pin=Digital2-4
Added Pin To Net: NetName=NetDigital2_4 Pin=U3-9
Added Net: Name=NetDigital2_4
Added Pin To Net: NetName=NetDigital2_5 Pin=Digital2-5
Added Pin To Net: NetName=NetDigital2_5 Pin=U3-10
Added Net: Name=NetDigital2_5
Added Pin To Net: NetName=NetU2_2 Pin=U2-2
Added Pin To Net: NetName=NetU2_2 Pin=U5-2
Added Net: Name=NetU2_2
Change Class Name : Old Net Name=sai New Net Name=sai_arduinoPinMap
Added Member To Class: ClassName=sai_arduinoPinMap Member=Component Analog Header 6
Added Member To Class: ClassName=sai_arduinoPinMap Member=Component Digital1 Header 5
Added Member To Class: ClassName=sai_arduinoPinMap Member=Component Digital2 Header 5
Added Room: Name=sai_arduinoPinMap
